# JRE version: OpenJDK Runtime Environment (8.0_91-b14) (build 1.8.0_91-8u91-b14-3ubuntu1~16.04.1-b14)
# Java VM: OpenJDK 64-Bit Server VM (25.91-b14 mixed mode linux-amd64 compressed oops)
Heap:
 PSYoungGen      total 210944K, used 27645K [0x00000000eab00000, 0x00000000f9a00000, 0x0000000100000000)
  eden space 183296K, 0% used [0x00000000eab00000,0x00000000eab00000,0x00000000f5e00000)
  from space 27648K, 99% used [0x00000000f5e00000,0x00000000f78ff570,0x00000000f7900000)
  to   space 21504K, 0% used [0x00000000f7900000,0x00000000f7900000,0x00000000f8e00000)
 ParOldGen       total 62976K, used 52968K [0x00000000c0000000, 0x00000000c3d80000, 0x00000000eab00000)
  object space 62976K, 84% used [0x00000000c0000000,0x00000000c33ba210,0x00000000c3d80000)
 Metaspace       used 6359K, capacity 7216K, committed 7296K, reserved 1056768K
  class space    used 589K, capacity 616K, committed 640K, reserved 1048576K
GC Heap History (10 events):
Event: 3.945 GC heap after
Heap after GC invocations=4 (full 0):
 PSYoungGen      total 51712K, used 3560K [0x00000000eab00000, 0x00000000ee100000, 0x0000000100000000)
  eden space 48128K, 0% used [0x00000000eab00000,0x00000000eab00000,0x00000000eda00000)
  from space 3584K, 99% used [0x00000000edd80000,0x00000000ee0fa298,0x00000000ee100000)
  to   space 3584K, 0% used [0x00000000eda00000,0x00000000eda00000,0x00000000edd80000)
 ParOldGen       total 62976K, used 10087K [0x00000000c0000000, 0x00000000c3d80000, 0x00000000eab00000)
  object space 62976K, 16% used [0x00000000c0000000,0x00000000c09d9e08,0x00000000c3d80000)
 Metaspace       used 5851K, capacity 6896K, committed 7040K, reserved 1056768K
  class space    used 569K, capacity 616K, committed 640K, reserved 1048576K
}
Event: 4.885 GC heap before
{Heap before GC invocations=5 (full 0):
 PSYoungGen      total 51712K, used 51688K [0x00000000eab00000, 0x00000000ee100000, 0x0000000100000000)
  eden space 48128K, 100% used [0x00000000eab00000,0x00000000eda00000,0x00000000eda00000)
  from space 3584K, 99% used [0x00000000edd80000,0x00000000ee0fa298,0x00000000ee100000)
  to   space 3584K, 0% used [0x00000000eda00000,0x00000000eda00000,0x00000000edd80000)
 ParOldGen       total 62976K, used 10087K [0x00000000c0000000, 0x00000000c3d80000, 0x00000000eab00000)
  object space 62976K, 16% used [0x00000000c0000000,0x00000000c09d9e08,0x00000000c3d80000)
 Metaspace       used 5891K, capacity 6960K, committed 7040K, reserved 1056768K
  class space    used 569K, capacity 616K, committed 640K, reserved 1048576K
Event: 4.955 GC heap after
Heap after GC invocations=5 (full 0):
 PSYoungGen      total 51712K, used 3576K [0x00000000eab00000, 0x00000000f2100000, 0x0000000100000000)
  eden space 48128K, 0% used [0x00000000eab00000,0x00000000eab00000,0x00000000eda00000)
  from space 3584K, 99% used [0x00000000eda00000,0x00000000edd7e2a8,0x00000000edd80000)
  to   space 12288K, 0% used [0x00000000f1500000,0x00000000f1500000,0x00000000f2100000)
 ParOldGen       total 62976K, used 17594K [0x00000000c0000000, 0x00000000c3d80000, 0x00000000eab00000)
  object space 62976K, 27% used [0x00000000c0000000,0x00000000c112eaf8,0x00000000c3d80000)
 Metaspace       used 5891K, capacity 6960K, committed 7040K, reserved 1056768K
  class space    used 569K, capacity 616K, committed 640K, reserved 1048576K
}
Event: 5.468 GC heap before
{Heap before GC invocations=6 (full 0):
 PSYoungGen      total 51712K, used 51704K [0x00000000eab00000, 0x00000000f2100000, 0x0000000100000000)
  eden space 48128K, 100% used [0x00000000eab00000,0x00000000eda00000,0x00000000eda00000)
  from space 3584K, 99% used [0x00000000eda00000,0x00000000edd7e2a8,0x00000000edd80000)
  to   space 12288K, 0% used [0x00000000f1500000,0x00000000f1500000,0x00000000f2100000)
 ParOldGen       total 62976K, used 17594K [0x00000000c0000000, 0x00000000c3d80000, 0x00000000eab00000)
  object space 62976K, 27% used [0x00000000c0000000,0x00000000c112eaf8,0x00000000c3d80000)
 Metaspace       used 5948K, capacity 7024K, committed 7296K, reserved 1056768K
  class space    used 569K, capacity 616K, committed 640K, reserved 1048576K
Event: 5.555 GC heap after
Heap after GC invocations=6 (full 0):
 PSYoungGen      total 107008K, used 10472K [0x00000000eab00000, 0x00000000f2400000, 0x0000000100000000)
  eden space 94720K, 0% used [0x00000000eab00000,0x00000000eab00000,0x00000000f0780000)
  from space 12288K, 85% used [0x00000000f1500000,0x00000000f1f3a298,0x00000000f2100000)
  to   space 13824K, 0% used [0x00000000f0780000,0x00000000f0780000,0x00000000f1500000)
 ParOldGen       total 62976K, used 17594K [0x00000000c0000000, 0x00000000c3d80000, 0x00000000eab00000)
  object space 62976K, 27% used [0x00000000c0000000,0x00000000c112eaf8,0x00000000c3d80000)
 Metaspace       used 5948K, capacity 7024K, committed 7296K, reserved 1056768K
  class space    used 569K, capacity 616K, committed 640K, reserved 1048576K
}
Event: 6.797 GC heap before
{Heap before GC invocations=7 (full 0):
 PSYoungGen      total 107008K, used 105192K [0x00000000eab00000, 0x00000000f2400000, 0x0000000100000000)
  eden space 94720K, 100% used [0x00000000eab00000,0x00000000f0780000,0x00000000f0780000)
  from space 12288K, 85% used [0x00000000f1500000,0x00000000f1f3a298,0x00000000f2100000)
  to   space 13824K, 0% used [0x00000000f0780000,0x00000000f0780000,0x00000000f1500000)
 ParOldGen       total 62976K, used 17594K [0x00000000c0000000, 0x00000000c3d80000, 0x00000000eab00000)
  object space 62976K, 27% used [0x00000000c0000000,0x00000000c112eaf8,0x00000000c3d80000)
 Metaspace       used 6116K, capacity 7152K, committed 7296K, reserved 1056768K
  class space    used 569K, capacity 616K, committed 640K, reserved 1048576K
Event: 6.984 GC heap after
Heap after GC invocations=7 (full 0):
 PSYoungGen      total 108544K, used 13816K [0x00000000eab00000, 0x00000000f8e00000, 0x0000000100000000)
  eden space 94720K, 0% used [0x00000000eab00000,0x00000000eab00000,0x00000000f0780000)
  from space 13824K, 99% used [0x00000000f0780000,0x00000000f14fe288,0x00000000f1500000)
  to   space 21504K, 0% used [0x00000000f7900000,0x00000000f7900000,0x00000000f8e00000)
 ParOldGen       total 62976K, used 28430K [0x00000000c0000000, 0x00000000c3d80000, 0x00000000eab00000)
  object space 62976K, 45% used [0x00000000c0000000,0x00000000c1bc3b70,0x00000000c3d80000)
 Metaspace       used 6116K, capacity 7152K, committed 7296K, reserved 1056768K
  class space    used 569K, capacity 616K, committed 640K, reserved 1048576K
}
Event: 8.481 GC heap before
{Heap before GC invocations=8 (full 0):
 PSYoungGen      total 108544K, used 108536K [0x00000000eab00000, 0x00000000f8e00000, 0x0000000100000000)
  eden space 94720K, 100% used [0x00000000eab00000,0x00000000f0780000,0x00000000f0780000)
  from space 13824K, 99% used [0x00000000f0780000,0x00000000f14fe288,0x00000000f1500000)
  to   space 21504K, 0% used [0x00000000f7900000,0x00000000f7900000,0x00000000f8e00000)
 ParOldGen       total 62976K, used 28430K [0x00000000c0000000, 0x00000000c3d80000, 0x00000000eab00000)
  object space 62976K, 45% used [0x00000000c0000000,0x00000000c1bc3b70,0x00000000c3d80000)
 Metaspace       used 6312K, capacity 7152K, committed 7296K, reserved 1056768K
  class space    used 587K, capacity 616K, committed 640K, reserved 1048576K
Event: 8.679 GC heap after
Heap after GC invocations=8 (full 0):
 PSYoungGen      total 204800K, used 21493K [0x00000000eab00000, 0x00000000f9a00000, 0x0000000100000000)
  eden space 183296K, 0% used [0x00000000eab00000,0x00000000eab00000,0x00000000f5e00000)
  from space 21504K, 99% used [0x00000000f7900000,0x00000000f8dfd618,0x00000000f8e00000)
  to   space 27648K, 0% used [0x00000000f5e00000,0x00000000f5e00000,0x00000000f7900000)
 ParOldGen       total 62976K, used 34427K [0x00000000c0000000, 0x00000000c3d80000, 0x00000000eab00000)
  object space 62976K, 54% used [0x00000000c0000000,0x00000000c219edb8,0x00000000c3d80000)
 Metaspace       used 6312K, capacity 7152K, committed 7296K, reserved 1056768K
  class space    used 587K, capacity 616K, committed 640K, reserved 1048576K
}
Event: 9.810 GC heap before
{Heap before GC invocations=9 (full 0):
 PSYoungGen      total 204800K, used 204789K [0x00000000eab00000, 0x00000000f9a00000, 0x0000000100000000)
  eden space 183296K, 100% used [0x00000000eab00000,0x00000000f5e00000,0x00000000f5e00000)
  from space 21504K, 99% used [0x00000000f7900000,0x00000000f8dfd618,0x00000000f8e00000)
  to   space 27648K, 0% used [0x00000000f5e00000,0x00000000f5e00000,0x00000000f7900000)
 ParOldGen       total 62976K, used 34427K [0x00000000c0000000, 0x00000000c3d80000, 0x00000000eab00000)
  object space 62976K, 54% used [0x00000000c0000000,0x00000000c219edb8,0x00000000c3d80000)
 Metaspace       used 6359K, capacity 7216K, committed 7296K, reserved 1056768K
  class space    used 589K, capacity 616K, committed 640K, reserved 1048576K

